<?xml version="1.0" encoding="UTF-8"?>
<!-- Generated by org.testng.reporters.JUnitXMLReporter -->
<testsuite hostname="LAPTOP-SHB1C0EE" ignored="0" name="SeleniumTests" tests="5" failures="0" timestamp="2021-07-24T11:55:10 IST" time="25.826" errors="0">
  <testcase name="validateEmailFieldTest" time="4.239" classname="functionaltests.LoginPageTests"/>
  <testcase name="validatePasswordFieldTest" time="0.115" classname="functionaltests.LoginPageTests"/>
  <testcase name="validateSubmitButtonFieldTest" time="0.103" classname="functionaltests.LoginPageTests"/>
  <testcase name="performLoginTests" time="2.574" classname="functionaltests.LoginPageTests"/>
  <testcase name="validateMenuIcons" time="0.363" classname="functionaltests.HomePageTests"/>
</testsuite> <!-- SeleniumTests -->
