<?xml version="1.0" encoding="UTF-8"?>
<!-- Generated by org.testng.reporters.JUnitXMLReporter -->
<testsuite hostname="LAPTOP-SHB1C0EE" ignored="0" name="SeleniumTests" tests="5" failures="0" timestamp="2021-07-24T11:56:25 IST" time="30.123" errors="0">
  <testcase name="validateEmailFieldTest" time="4.192" classname="functionaltests.LoginPageTests"/>
  <testcase name="validatePasswordFieldTest" time="0.085" classname="functionaltests.LoginPageTests"/>
  <testcase name="validateSubmitButtonFieldTest" time="0.063" classname="functionaltests.LoginPageTests"/>
  <testcase name="performLoginTests" time="4.595" classname="functionaltests.LoginPageTests"/>
  <testcase name="validateMenuIcons" time="0.312" classname="functionaltests.HomePageTests"/>
</testsuite> <!-- SeleniumTests -->
