<?xml version="1.0" encoding="UTF-8"?>
<testsuite name="TestSuite" time="9.244" tests="5" errors="0" skipped="0" failures="0">
  <properties>
[...]
</properties>
  <testcase name="validateEmailFieldTest" classname="functionaltests.LoginPageTests" time="4.19"/>
  <testcase name="validatePasswordFieldTest" classname="functionaltests.LoginPageTests" time="0.084"/>
  <testcase name="validateSubmitButtonFieldTest" classname="functionaltests.LoginPageTests" time="0.063"/>
  <testcase name="performLoginTests" classname="functionaltests.LoginPageTests" time="4.596"/>
  <testcase name="validateMenuIcons" classname="functionaltests.HomePageTests" time="0.311"/>
</testsuite>