<?xml version="1.0" encoding="UTF-8"?>
<testng-results skipped="0" failed="0" ignored="0" total="5" passed="5">
  <reporter-output>
  </reporter-output>
  <suite name="functionaltests.LoginPageTests" duration-ms="30123" started-at="2021-07-24T11:55:54 IST" finished-at="2021-07-24T11:56:24 IST">
    <groups>
    </groups>
    <test name="SeleniumTests" duration-ms="30123" started-at="2021-07-24T11:55:54 IST" finished-at="2021-07-24T11:56:24 IST">
      <class name="functionaltests.HomePageTests">
        <test-method status="PASS" signature="initSetup()[pri:0, instance:functionaltests.HomePageTests@3e6fa38a]" name="initSetup" is-config="true" duration-ms="3906" started-at="2021-07-24T11:56:11 IST" finished-at="2021-07-24T11:56:15 IST">
          <reporter-output>
          </reporter-output>
        </test-method> <!-- initSetup -->
        <test-method status="PASS" signature="performLoginTests()[pri:0, instance:functionaltests.HomePageTests@3e6fa38a]" name="performLoginTests" is-config="true" duration-ms="8811" started-at="2021-07-24T11:56:15 IST" finished-at="2021-07-24T11:56:23 IST">
          <reporter-output>
          </reporter-output>
        </test-method> <!-- performLoginTests -->
        <test-method status="PASS" signature="validateMenuIcons()[pri:0, instance:functionaltests.HomePageTests@3e6fa38a]" name="validateMenuIcons" duration-ms="312" started-at="2021-07-24T11:56:23 IST" finished-at="2021-07-24T11:56:24 IST">
          <reporter-output>
          </reporter-output>
        </test-method> <!-- validateMenuIcons -->
        <test-method status="PASS" signature="tearDown()[pri:0, instance:functionaltests.HomePageTests@3e6fa38a]" name="tearDown" is-config="true" duration-ms="702" started-at="2021-07-24T11:56:24 IST" finished-at="2021-07-24T11:56:24 IST">
          <reporter-output>
          </reporter-output>
        </test-method> <!-- tearDown -->
      </class> <!-- functionaltests.HomePageTests -->
      <class name="functionaltests.LoginPageTests">
        <test-method status="PASS" signature="initSetup()[pri:0, instance:functionaltests.LoginPageTests@47c62251]" name="initSetup" is-config="true" duration-ms="6716" started-at="2021-07-24T11:55:54 IST" finished-at="2021-07-24T11:56:01 IST">
          <reporter-output>
          </reporter-output>
        </test-method> <!-- initSetup -->
        <test-method status="PASS" signature="validateEmailFieldTest()[pri:0, instance:functionaltests.LoginPageTests@47c62251]" name="validateEmailFieldTest" duration-ms="4192" started-at="2021-07-24T11:56:01 IST" finished-at="2021-07-24T11:56:05 IST">
          <reporter-output>
          </reporter-output>
        </test-method> <!-- validateEmailFieldTest -->
        <test-method status="PASS" signature="validatePasswordFieldTest()[pri:1, instance:functionaltests.LoginPageTests@47c62251]" name="validatePasswordFieldTest" duration-ms="85" started-at="2021-07-24T11:56:05 IST" finished-at="2021-07-24T11:56:05 IST">
          <reporter-output>
          </reporter-output>
        </test-method> <!-- validatePasswordFieldTest -->
        <test-method status="PASS" signature="validateSubmitButtonFieldTest()[pri:2, instance:functionaltests.LoginPageTests@47c62251]" name="validateSubmitButtonFieldTest" duration-ms="63" started-at="2021-07-24T11:56:05 IST" finished-at="2021-07-24T11:56:05 IST">
          <reporter-output>
          </reporter-output>
        </test-method> <!-- validateSubmitButtonFieldTest -->
        <test-method status="PASS" signature="performLoginTests()[pri:3, instance:functionaltests.LoginPageTests@47c62251]" name="performLoginTests" duration-ms="4595" started-at="2021-07-24T11:56:05 IST" finished-at="2021-07-24T11:56:10 IST">
          <reporter-output>
          </reporter-output>
        </test-method> <!-- performLoginTests -->
        <test-method status="PASS" signature="tearDown()[pri:0, instance:functionaltests.LoginPageTests@47c62251]" name="tearDown" is-config="true" duration-ms="704" started-at="2021-07-24T11:56:10 IST" finished-at="2021-07-24T11:56:11 IST">
          <reporter-output>
          </reporter-output>
        </test-method> <!-- tearDown -->
      </class> <!-- functionaltests.LoginPageTests -->
    </test> <!-- SeleniumTests -->
  </suite> <!-- functionaltests.LoginPageTests -->
</testng-results>
